[  2%] Building C object CMakeFiles/kernel-aarch64.dir/kernel/kernel.c.obj
[  5%] Linking C executable kernel.elf
/usr/bin/aarch64-linux-gnu-ld: warning: kernel.elf has a LOAD segment with RWX permissions
[100%] Built target kernel-aarch64
C
[INFO ] Booting 64-bit kernel...
[INFO ] Initializing IDT (early)...
[INFO ] IDT initialized.
[INFO ] Initializing physical memory manager...
[INFO ] Initializing AArch64 memory...
[WARN ] FDT Address is 0. Skipping scan to avoid crash. Fallback enabled.
[INFO ] FDT Address: 0x0000000000000000
[WARN ] FDT Memory Detection Failed. Fallback to 4GB.
PMM regions: 0x0000000000000001
Total managed bytes: 0x00000000FFB06000
PMM regions: 0x0000000000000001
Total managed bytes: 0x00000000FFB06000
Region 0x0000000000000000: 0x00000000404DA000 - 0x0000000140000000 pages=0x00000000000FFB06
Region 0x0000000000000000: 0x00000000404DA000 - 0x0000000140000000 pages=0x00000000000FFB06
[INFO ] Physical memory allocator ready.
[INFO ] Physical memory manager initialized.
[INFO ] Maximum managed physical address: 0x0000000140000000
[INFO ] Extending higher-half direct map...
[INFO ] HHDM map begin: 0x0000000000000000
[INFO ] HHDM map end: 0x0000000140000000
[INFO ] Higher-half direct map updated.
[INFO ] Kernel section protections skipped (disabled).
[INFO ] Initializing kernel heap...
[INFO ] Kernel heap initialized.
[INFO ] VirtIO Block Device Version: 0x0000000000000001
[INFO ] VirtIO Block Device found at MMIO base: 0xFFFF80000A003E00
[INFO ] VirtIO Block Capacity (sectors): 0x0000000000020000
[INFO ] Block devices initialized.
[INFO ] Kernel heap free tracking enabled.
[INFO ] Relocating GDT...
[INFO ] Rebuilding IDT on heap...
[INFO ] IDT relocated to heap.
[INFO ] Remapping PIC and enabling timer...
[INFO ] GICv2 Initialized
[INFO ] ARM Generic Timer: Frequency read
[INFO ] ARM Generic Timer initialized
[INFO ] PIC/PIT initialized.
[INFO ] Timer ticks observed: 0x0000000000000005
[INFO ] Heap allocs: 0x0000000000000004
[INFO ] Heap frees: 0x0000000000000004
[INFO ] Heap large allocs: 0x0000000000000000
[INFO ] Heap large reuses: 0x0000000000000000
[INFO ] Heap free slab bytes: 0x0000000000002940
[INFO ] Heap free large bytes: 0x0000000000000000
0x0000000040504000 0x0000000040505000
[INFO ] Allocator self-test passed.
[INFO ] Dropping identity map; switching to higher-half only.
[INFO ] Dropped identity map; higher-half only.
[INFO ] Starting scheduler...
[INFO ] user_prepare: starting
[INFO ] user_prepare: space inited
[INFO ] user_prepare: image found
[INFO ] user_prepare: elf loaded
[INFO ] user_prepare: stack mapped
[INFO ] user_prepare: stack setup done
[INFO ] Entering user-mode init
[INFO ] Entry: 0x0000000000400220
[INFO ] Stack: 0x0000007FFFFFEFA0
[INFO ] PML4: 0x000000004050E000
qemu-system-aarch64: terminating on signal 15 from pid 62121 (timeout)
gmake[2]: *** [CMakeFiles/Makefile2:255: CMakeFiles/run-arm64-headless.dir/all] Terminated
gmake[1]: *** [CMakeFiles/Makefile2:262: CMakeFiles/run-arm64-headless.dir/rule] Terminated
gmake: *** [Makefile:189: run-arm64-headless] Terminated
